<?xml version="1.0" encoding="UTF-8"?>
<!-- Generated by org.testng.reporters.JUnitXMLReporter -->
<testsuite ignored="0" hostname="LAPTOP-0Q2D4GO4" failures="0" tests="5" name="LoginLogoutChecks" time="18.285" errors="0" timestamp="2025-12-29T22:58:48 IST">
  <testcase classname="ImplementationOfTestNG.Login" name="loginTest" time="1.421"/>
  <testcase classname="ImplementationOfTestNG.CreateCampaign" name="createCampaignTest" time="3.726"/>
  <testcase classname="ImplementationOfTestNG.CreateCampaignwithStatus" name="createCampaignWithStatusTest" time="2.672"/>
  <testcase classname="ImplementationOfTestNG.CreateCampaignwithDate" name="createCampaignwithDateTest" time="2.737"/>
  <testcase classname="ImplementationOfTestNG.Logout" name="logoutTest" time="1.587"/>
</testsuite> <!-- LoginLogoutChecks -->
