<?xml version="1.0" encoding="UTF-8"?>
<!-- Generated by org.testng.reporters.JUnitXMLReporter -->
<testsuite ignored="18" hostname="LAPTOP-0Q2D4GO4" failures="0" tests="13" name="Regression Tests" time="133.648" errors="0" timestamp="2026-01-02T05:06:31 IST">
  <testcase classname="ImplementationOfTestNG._Commonloginpage_BaseClasss.CreateCampaignTest" name="createCampaignTest" time="3.028"/>
  <testcase classname="ImplementationOfTestNG._Commonloginpage_BaseClasss.CreateCampaignProductTest" name="createCampaignTest" time="2.435"/>
  <testcase classname="ImplementationOfTestNG._Commonloginpage_BaseClasss.CreateCampaignProductTest" name="createCampaignWithStatusTest" time="2.32"/>
  <testcase classname="ImplementationOfTestNG._Commonloginpage_BaseClasss.CreateCampaignWithDateTest" name="createCampaignwithDateTest" time="1.978"/>
  <testcase classname="ImplementationOfTestNG._Commonloginpage_BaseClasss.CreateCampaignProductTest" name="createCampaignwithDateTest" time="1.894"/>
  <testcase classname="ImplementationOfTestNG._Commonloginpage_BaseClasss.CreateCampaignWithStatusTest" name="createCampaignWithStatusTest" time="1.63"/>
  <testcase classname="ImplementationOfTestNG._Commonloginpage_BaseClasss.CreateCampaignProductTest" name="createProductTest" time="2.255"/>
  <testcase classname="ImplementationOfTestNG._Commonloginpage_BaseClasss.CreateMultipleCampaignTest" name="createMultipleCampaignTest" time="18.991"/>
  <testcase classname="ImplementationOfTestNG._Commonloginpage_BaseClasss.CreateMultipleProductTest" name="createMultipleProductTest" time="22.592"/>
  <testcase classname="ImplementationOfTestNG._Commonloginpage_BaseClasss.CreateProductTest" name="createProductTest" time="2.01"/>
  <testcase classname="ImplementationOfTestNG._Commonloginpage_BaseClasss.DeleteProduct" name="deleteProductTest" time="44.272"/>
  <testcase classname="ImplementationOfTestNG._Commonloginpage_BaseClasss.DeleteCampaign" name="deleteCampaignsTest" time="51.172"/>
  <testcase classname="ImplementationOfTestNG._Commonloginpage_BaseClasss.UserAuthenticationTest" name="loginTest" time="0.534"/>
  <testcase classname="genericUtility.BaseClass1" name="@BeforeSuite configBeforeSuite" time="0.0">
    <ignored/>
  </testcase> <!-- @BeforeSuite configBeforeSuite -->
  <testcase classname="genericUtility.BaseClass1" name="@AfterSuite configAfterSuite" time="0.0">
    <ignored/>
  </testcase> <!-- @AfterSuite configAfterSuite -->
  <testcase classname="genericUtility.BaseClass1" name="@BeforeSuite configBeforeSuite" time="0.0">
    <ignored/>
  </testcase> <!-- @BeforeSuite configBeforeSuite -->
  <testcase classname="genericUtility.BaseClass1" name="@BeforeSuite configBeforeSuite" time="0.0">
    <ignored/>
  </testcase> <!-- @BeforeSuite configBeforeSuite -->
  <testcase classname="genericUtility.BaseClass1" name="@BeforeSuite configBeforeSuite" time="0.0">
    <ignored/>
  </testcase> <!-- @BeforeSuite configBeforeSuite -->
  <testcase classname="genericUtility.BaseClass1" name="@AfterSuite configAfterSuite" time="0.0">
    <ignored/>
  </testcase> <!-- @AfterSuite configAfterSuite -->
  <testcase classname="genericUtility.BaseClass1" name="@BeforeSuite configBeforeSuite" time="0.0">
    <ignored/>
  </testcase> <!-- @BeforeSuite configBeforeSuite -->
  <testcase classname="genericUtility.BaseClass1" name="@AfterSuite configAfterSuite" time="0.0">
    <ignored/>
  </testcase> <!-- @AfterSuite configAfterSuite -->
  <testcase classname="genericUtility.BaseClass1" name="@AfterSuite configAfterSuite" time="0.0">
    <ignored/>
  </testcase> <!-- @AfterSuite configAfterSuite -->
  <testcase classname="genericUtility.BaseClass1" name="@AfterSuite configAfterSuite" time="0.0">
    <ignored/>
  </testcase> <!-- @AfterSuite configAfterSuite -->
  <testcase classname="genericUtility.BaseClass1" name="@BeforeSuite configBeforeSuite" time="0.0">
    <ignored/>
  </testcase> <!-- @BeforeSuite configBeforeSuite -->
  <testcase classname="genericUtility.BaseClass1" name="@AfterSuite configAfterSuite" time="0.0">
    <ignored/>
  </testcase> <!-- @AfterSuite configAfterSuite -->
  <testcase classname="genericUtility.BaseClass1" name="@AfterSuite configAfterSuite" time="0.0">
    <ignored/>
  </testcase> <!-- @AfterSuite configAfterSuite -->
  <testcase classname="genericUtility.BaseClass1" name="@BeforeSuite configBeforeSuite" time="0.0">
    <ignored/>
  </testcase> <!-- @BeforeSuite configBeforeSuite -->
  <testcase classname="genericUtility.BaseClass1" name="@BeforeSuite configBeforeSuite" time="0.0">
    <ignored/>
  </testcase> <!-- @BeforeSuite configBeforeSuite -->
  <testcase classname="genericUtility.BaseClass1" name="@BeforeSuite configBeforeSuite" time="0.0">
    <ignored/>
  </testcase> <!-- @BeforeSuite configBeforeSuite -->
  <testcase classname="genericUtility.BaseClass1" name="@AfterSuite configAfterSuite" time="0.0">
    <ignored/>
  </testcase> <!-- @AfterSuite configAfterSuite -->
  <testcase classname="genericUtility.BaseClass1" name="@AfterSuite configAfterSuite" time="0.0">
    <ignored/>
  </testcase> <!-- @AfterSuite configAfterSuite -->
</testsuite> <!-- Regression Tests -->
