<?xml version="1.0" encoding="UTF-8"?>
<testng-results ignored="0" total="13" passed="13" failed="0" skipped="0">
  <reporter-output>
    <line>
      <![CDATA[Successfully created Campaign: JoseJohnEEEUUN]]>
    </line>
    <line>
      <![CDATA[Successfully created Campaign: JoseJohnEAUUEJ]]>
    </line>
    <line>
      <![CDATA[Successfully created Campaign: JoseJohnUJNAEU]]>
    </line>
    <line>
      <![CDATA[Successfully created Campaign: JoseJohnAAZZNJ]]>
    </line>
    <line>
      <![CDATA[Successfully created Campaign: JoseJohnZNANJU]]>
    </line>
    <line>
      <![CDATA[Successfully created Campaign: JoseJohnUANJJE]]>
    </line>
    <line>
      <![CDATA[Successfully created Product: Zukebar23]]>
    </line>
    <line>
      <![CDATA[Total data rows found: 13]]>
    </line>
    <line>
      <![CDATA[Successfully created Campaign: JoseJohnNZUUUU]]>
    </line>
    <line>
      <![CDATA[===============================================]]>
    </line>
    <line>
      <![CDATA[Successfully created Campaign: JoseJohnANENAA]]>
    </line>
    <line>
      <![CDATA[===============================================]]>
    </line>
    <line>
      <![CDATA[Total data rows found: 11]]>
    </line>
    <line>
      <![CDATA[Successfully created Campaign: JoseJohnEUENEA]]>
    </line>
    <line>
      <![CDATA[===============================================]]>
    </line>
    <line>
      <![CDATA[Successfully created Campaign: JoseJohnUJZAUZ]]>
    </line>
    <line>
      <![CDATA[===============================================]]>
    </line>
    <line>
      <![CDATA[Successfully created Product: Zukebar452]]>
    </line>
    <line>
      <![CDATA[Successfully created Campaign: JoseJohnNAJUJE]]>
    </line>
    <line>
      <![CDATA[===============================================]]>
    </line>
    <line>
      <![CDATA[Successfully created Product: Zukebar334]]>
    </line>
    <line>
      <![CDATA[Successfully created Campaign: JoseJohnZAJNNJ]]>
    </line>
    <line>
      <![CDATA[===============================================]]>
    </line>
    <line>
      <![CDATA[Successfully created Campaign: JoseJohnUUZJJA]]>
    </line>
    <line>
      <![CDATA[===============================================]]>
    </line>
    <line>
      <![CDATA[Successfully created Product: Zukebar248]]>
    </line>
    <line>
      <![CDATA[Successfully created Campaign: JoseJohnUENZZJ]]>
    </line>
    <line>
      <![CDATA[===============================================]]>
    </line>
    <line>
      <![CDATA[Successfully created Product: Zukebar132]]>
    </line>
    <line>
      <![CDATA[Successfully created Campaign: JoseJohnZEEANE]]>
    </line>
    <line>
      <![CDATA[===============================================]]>
    </line>
    <line>
      <![CDATA[Successfully created Campaign: JoseJohnAZNEUU]]>
    </line>
    <line>
      <![CDATA[===============================================]]>
    </line>
    <line>
      <![CDATA[Successfully created Product: Zukebar495]]>
    </line>
    <line>
      <![CDATA[Successfully created Campaign: JoseJohnZEJZUJ]]>
    </line>
    <line>
      <![CDATA[===============================================]]>
    </line>
    <line>
      <![CDATA[Successfully created Campaign: JoseJohnZNEZZN]]>
    </line>
    <line>
      <![CDATA[===============================================]]>
    </line>
    <line>
      <![CDATA[Successfully created Product: Zukebar622]]>
    </line>
    <line>
      <![CDATA[Successfully created Campaign: JoseJohnZNUJUZ]]>
    </line>
    <line>
      <![CDATA[===============================================]]>
    </line>
    <line>
      <![CDATA[Successfully created Product: Zukebar924]]>
    </line>
    <line>
      <![CDATA[Successfully created Product: Zukebar381]]>
    </line>
    <line>
      <![CDATA[Successfully created Product: Zukebar721]]>
    </line>
    <line>
      <![CDATA[Successfully created Product: Zukebar809]]>
    </line>
    <line>
      <![CDATA[Successfully created Product: Zukebar446]]>
    </line>
    <line>
      <![CDATA[Successfully created Product: Zukebar37]]>
    </line>
    <line>
      <![CDATA[Total :13Product's Deleted Successfully ]]>
    </line>
    <line>
      <![CDATA[Total :19 Campaign's Deleted Successfully ]]>
    </line>
    <line>
      <![CDATA[Login Successfully]]>
    </line>
    <line>
      <![CDATA[URL :http://49.249.28.218:8098/dashboard]]>
    </line>
  </reporter-output>
  <suite started-at="2026-01-02T05:04:17 IST" name="Ninza CRM Suite" finished-at="2026-01-02T05:06:30 IST" duration-ms="133648">
    <groups>
    </groups>
    <test started-at="2026-01-02T05:04:17 IST" name="Regression Tests" finished-at="2026-01-02T05:06:30 IST" duration-ms="133648">
      <class name="ImplementationOfTestNG._Commonloginpage_BaseClasss.CreateMultipleCampaignTest">
        <test-method is-config="true" signature="launchBrowser()[pri:0, instance:ImplementationOfTestNG._Commonloginpage_BaseClasss.CreateMultipleCampaignTest@561b6512]" started-at="2026-01-02T05:04:50 IST" name="launchBrowser" finished-at="2026-01-02T05:04:51 IST" duration-ms="1456" status="PASS">
          <reporter-output>
          </reporter-output>
        </test-method> <!-- launchBrowser -->
        <test-method is-config="true" signature="loginToApp()[pri:0, instance:ImplementationOfTestNG._Commonloginpage_BaseClasss.CreateMultipleCampaignTest@561b6512]" started-at="2026-01-02T05:04:51 IST" name="loginToApp" finished-at="2026-01-02T05:04:54 IST" duration-ms="3087" status="PASS">
          <reporter-output>
          </reporter-output>
        </test-method> <!-- loginToApp -->
        <test-method signature="createMultipleCampaignTest()[pri:0, instance:ImplementationOfTestNG._Commonloginpage_BaseClasss.CreateMultipleCampaignTest@561b6512]" started-at="2026-01-02T05:04:54 IST" name="createMultipleCampaignTest" finished-at="2026-01-02T05:05:13 IST" duration-ms="18991" status="PASS">
          <reporter-output>
            <line>
              <![CDATA[Total data rows found: 13]]>
            </line>
            <line>
              <![CDATA[Successfully created Campaign: JoseJohnNZUUUU]]>
            </line>
            <line>
              <![CDATA[===============================================]]>
            </line>
            <line>
              <![CDATA[Successfully created Campaign: JoseJohnANENAA]]>
            </line>
            <line>
              <![CDATA[===============================================]]>
            </line>
            <line>
              <![CDATA[Successfully created Campaign: JoseJohnEUENEA]]>
            </line>
            <line>
              <![CDATA[===============================================]]>
            </line>
            <line>
              <![CDATA[Successfully created Campaign: JoseJohnUJZAUZ]]>
            </line>
            <line>
              <![CDATA[===============================================]]>
            </line>
            <line>
              <![CDATA[Successfully created Campaign: JoseJohnNAJUJE]]>
            </line>
            <line>
              <![CDATA[===============================================]]>
            </line>
            <line>
              <![CDATA[Successfully created Campaign: JoseJohnZAJNNJ]]>
            </line>
            <line>
              <![CDATA[===============================================]]>
            </line>
            <line>
              <![CDATA[Successfully created Campaign: JoseJohnUUZJJA]]>
            </line>
            <line>
              <![CDATA[===============================================]]>
            </line>
            <line>
              <![CDATA[Successfully created Campaign: JoseJohnUENZZJ]]>
            </line>
            <line>
              <![CDATA[===============================================]]>
            </line>
            <line>
              <![CDATA[Successfully created Campaign: JoseJohnZEEANE]]>
            </line>
            <line>
              <![CDATA[===============================================]]>
            </line>
            <line>
              <![CDATA[Successfully created Campaign: JoseJohnAZNEUU]]>
            </line>
            <line>
              <![CDATA[===============================================]]>
            </line>
            <line>
              <![CDATA[Successfully created Campaign: JoseJohnZEJZUJ]]>
            </line>
            <line>
              <![CDATA[===============================================]]>
            </line>
            <line>
              <![CDATA[Successfully created Campaign: JoseJohnZNEZZN]]>
            </line>
            <line>
              <![CDATA[===============================================]]>
            </line>
            <line>
              <![CDATA[Successfully created Campaign: JoseJohnZNUJUZ]]>
            </line>
            <line>
              <![CDATA[===============================================]]>
            </line>
          </reporter-output>
        </test-method> <!-- createMultipleCampaignTest -->
        <test-method is-config="true" signature="logoutFromApp()[pri:0, instance:ImplementationOfTestNG._Commonloginpage_BaseClasss.CreateMultipleCampaignTest@561b6512]" started-at="2026-01-02T05:05:13 IST" name="logoutFromApp" finished-at="2026-01-02T05:05:16 IST" duration-ms="2901" status="PASS">
          <reporter-output>
          </reporter-output>
        </test-method> <!-- logoutFromApp -->
        <test-method is-config="true" signature="closeBrowser()[pri:0, instance:ImplementationOfTestNG._Commonloginpage_BaseClasss.CreateMultipleCampaignTest@561b6512]" started-at="2026-01-02T05:05:16 IST" name="closeBrowser" finished-at="2026-01-02T05:05:17 IST" duration-ms="1266" status="PASS">
          <reporter-output>
          </reporter-output>
        </test-method> <!-- closeBrowser -->
      </class> <!-- ImplementationOfTestNG._Commonloginpage_BaseClasss.CreateMultipleCampaignTest -->
      <class name="ImplementationOfTestNG._Commonloginpage_BaseClasss.DeleteCampaign">
        <test-method is-config="true" signature="launchBrowser()[pri:0, instance:ImplementationOfTestNG._Commonloginpage_BaseClasss.DeleteCampaign@445b295b]" started-at="2026-01-02T05:05:25 IST" name="launchBrowser" finished-at="2026-01-02T05:05:27 IST" duration-ms="1405" status="PASS">
          <reporter-output>
          </reporter-output>
        </test-method> <!-- launchBrowser -->
        <test-method is-config="true" signature="loginToApp()[pri:0, instance:ImplementationOfTestNG._Commonloginpage_BaseClasss.DeleteCampaign@445b295b]" started-at="2026-01-02T05:05:27 IST" name="loginToApp" finished-at="2026-01-02T05:05:29 IST" duration-ms="2565" status="PASS">
          <reporter-output>
          </reporter-output>
        </test-method> <!-- loginToApp -->
        <test-method signature="deleteCampaignsTest()[pri:0, instance:ImplementationOfTestNG._Commonloginpage_BaseClasss.DeleteCampaign@445b295b]" started-at="2026-01-02T05:05:29 IST" name="deleteCampaignsTest" finished-at="2026-01-02T05:06:20 IST" duration-ms="51172" status="PASS">
          <reporter-output>
            <line>
              <![CDATA[Total :19 Campaign's Deleted Successfully ]]>
            </line>
          </reporter-output>
        </test-method> <!-- deleteCampaignsTest -->
        <test-method is-config="true" signature="logoutFromApp()[pri:0, instance:ImplementationOfTestNG._Commonloginpage_BaseClasss.DeleteCampaign@445b295b]" started-at="2026-01-02T05:06:20 IST" name="logoutFromApp" finished-at="2026-01-02T05:06:23 IST" duration-ms="3065" status="PASS">
          <reporter-output>
          </reporter-output>
        </test-method> <!-- logoutFromApp -->
        <test-method is-config="true" signature="closeBrowser()[pri:0, instance:ImplementationOfTestNG._Commonloginpage_BaseClasss.DeleteCampaign@445b295b]" started-at="2026-01-02T05:06:23 IST" name="closeBrowser" finished-at="2026-01-02T05:06:25 IST" duration-ms="1241" status="PASS">
          <reporter-output>
          </reporter-output>
        </test-method> <!-- closeBrowser -->
      </class> <!-- ImplementationOfTestNG._Commonloginpage_BaseClasss.DeleteCampaign -->
      <class name="ImplementationOfTestNG._Commonloginpage_BaseClasss.CreateCampaignTest">
        <test-method is-config="true" signature="launchBrowser()[pri:0, instance:ImplementationOfTestNG._Commonloginpage_BaseClasss.CreateCampaignTest@192c3f1e]" started-at="2026-01-02T05:04:17 IST" name="launchBrowser" finished-at="2026-01-02T05:04:20 IST" duration-ms="2746" status="PASS">
          <reporter-output>
          </reporter-output>
        </test-method> <!-- launchBrowser -->
        <test-method is-config="true" signature="loginToApp()[pri:0, instance:ImplementationOfTestNG._Commonloginpage_BaseClasss.CreateCampaignTest@192c3f1e]" started-at="2026-01-02T05:04:20 IST" name="loginToApp" finished-at="2026-01-02T05:04:23 IST" duration-ms="2841" status="PASS">
          <reporter-output>
          </reporter-output>
        </test-method> <!-- loginToApp -->
        <test-method signature="createCampaignTest()[pri:0, instance:ImplementationOfTestNG._Commonloginpage_BaseClasss.CreateCampaignTest@192c3f1e]" started-at="2026-01-02T05:04:23 IST" name="createCampaignTest" finished-at="2026-01-02T05:04:26 IST" duration-ms="3028" status="PASS">
          <reporter-output>
            <line>
              <![CDATA[Successfully created Campaign: JoseJohnEEEUUN]]>
            </line>
          </reporter-output>
        </test-method> <!-- createCampaignTest -->
        <test-method is-config="true" signature="logoutFromApp()[pri:0, instance:ImplementationOfTestNG._Commonloginpage_BaseClasss.CreateCampaignTest@192c3f1e]" started-at="2026-01-02T05:04:26 IST" name="logoutFromApp" finished-at="2026-01-02T05:04:29 IST" duration-ms="2897" status="PASS">
          <reporter-output>
          </reporter-output>
        </test-method> <!-- logoutFromApp -->
        <test-method is-config="true" signature="closeBrowser()[pri:0, instance:ImplementationOfTestNG._Commonloginpage_BaseClasss.CreateCampaignTest@192c3f1e]" started-at="2026-01-02T05:04:29 IST" name="closeBrowser" finished-at="2026-01-02T05:04:30 IST" duration-ms="1227" status="PASS">
          <reporter-output>
          </reporter-output>
        </test-method> <!-- closeBrowser -->
      </class> <!-- ImplementationOfTestNG._Commonloginpage_BaseClasss.CreateCampaignTest -->
      <class name="ImplementationOfTestNG._Commonloginpage_BaseClasss.UserAuthenticationTest">
        <test-method is-config="true" signature="launchBrowser()[pri:0, instance:ImplementationOfTestNG._Commonloginpage_BaseClasss.UserAuthenticationTest@5c671d7f]" started-at="2026-01-02T05:06:22 IST" name="launchBrowser" finished-at="2026-01-02T05:06:23 IST" duration-ms="1498" status="PASS">
          <reporter-output>
          </reporter-output>
        </test-method> <!-- launchBrowser -->
        <test-method is-config="true" signature="loginToApp()[pri:0, instance:ImplementationOfTestNG._Commonloginpage_BaseClasss.UserAuthenticationTest@5c671d7f]" started-at="2026-01-02T05:06:23 IST" name="loginToApp" finished-at="2026-01-02T05:06:26 IST" duration-ms="3036" status="PASS">
          <reporter-output>
          </reporter-output>
        </test-method> <!-- loginToApp -->
        <test-method signature="loginTest()[pri:0, instance:ImplementationOfTestNG._Commonloginpage_BaseClasss.UserAuthenticationTest@5c671d7f]" started-at="2026-01-02T05:06:26 IST" name="loginTest" finished-at="2026-01-02T05:06:27 IST" duration-ms="534" status="PASS">
          <reporter-output>
            <line>
              <![CDATA[Login Successfully]]>
            </line>
            <line>
              <![CDATA[URL :http://49.249.28.218:8098/dashboard]]>
            </line>
          </reporter-output>
        </test-method> <!-- loginTest -->
        <test-method is-config="true" signature="logoutFromApp()[pri:0, instance:ImplementationOfTestNG._Commonloginpage_BaseClasss.UserAuthenticationTest@5c671d7f]" started-at="2026-01-02T05:06:27 IST" name="logoutFromApp" finished-at="2026-01-02T05:06:29 IST" duration-ms="2567" status="PASS">
          <reporter-output>
          </reporter-output>
        </test-method> <!-- logoutFromApp -->
        <test-method is-config="true" signature="closeBrowser()[pri:0, instance:ImplementationOfTestNG._Commonloginpage_BaseClasss.UserAuthenticationTest@5c671d7f]" started-at="2026-01-02T05:06:29 IST" name="closeBrowser" finished-at="2026-01-02T05:06:30 IST" duration-ms="1207" status="PASS">
          <reporter-output>
          </reporter-output>
        </test-method> <!-- closeBrowser -->
      </class> <!-- ImplementationOfTestNG._Commonloginpage_BaseClasss.UserAuthenticationTest -->
      <class name="ImplementationOfTestNG._Commonloginpage_BaseClasss.CreateMultipleProductTest">
        <test-method is-config="true" signature="launchBrowser()[pri:0, instance:ImplementationOfTestNG._Commonloginpage_BaseClasss.CreateMultipleProductTest@2e377400]" started-at="2026-01-02T05:04:54 IST" name="launchBrowser" finished-at="2026-01-02T05:04:55 IST" duration-ms="1619" status="PASS">
          <reporter-output>
          </reporter-output>
        </test-method> <!-- launchBrowser -->
        <test-method is-config="true" signature="loginToApp()[pri:0, instance:ImplementationOfTestNG._Commonloginpage_BaseClasss.CreateMultipleProductTest@2e377400]" started-at="2026-01-02T05:04:55 IST" name="loginToApp" finished-at="2026-01-02T05:04:58 IST" duration-ms="3056" status="PASS">
          <reporter-output>
          </reporter-output>
        </test-method> <!-- loginToApp -->
        <test-method signature="createMultipleProductTest()[pri:0, instance:ImplementationOfTestNG._Commonloginpage_BaseClasss.CreateMultipleProductTest@2e377400]" started-at="2026-01-02T05:04:58 IST" name="createMultipleProductTest" finished-at="2026-01-02T05:05:21 IST" duration-ms="22592" status="PASS">
          <reporter-output>
            <line>
              <![CDATA[Total data rows found: 11]]>
            </line>
            <line>
              <![CDATA[Successfully created Product: Zukebar452]]>
            </line>
            <line>
              <![CDATA[Successfully created Product: Zukebar334]]>
            </line>
            <line>
              <![CDATA[Successfully created Product: Zukebar248]]>
            </line>
            <line>
              <![CDATA[Successfully created Product: Zukebar132]]>
            </line>
            <line>
              <![CDATA[Successfully created Product: Zukebar495]]>
            </line>
            <line>
              <![CDATA[Successfully created Product: Zukebar622]]>
            </line>
            <line>
              <![CDATA[Successfully created Product: Zukebar924]]>
            </line>
            <line>
              <![CDATA[Successfully created Product: Zukebar381]]>
            </line>
            <line>
              <![CDATA[Successfully created Product: Zukebar721]]>
            </line>
            <line>
              <![CDATA[Successfully created Product: Zukebar809]]>
            </line>
            <line>
              <![CDATA[Successfully created Product: Zukebar446]]>
            </line>
          </reporter-output>
        </test-method> <!-- createMultipleProductTest -->
        <test-method is-config="true" signature="logoutFromApp()[pri:0, instance:ImplementationOfTestNG._Commonloginpage_BaseClasss.CreateMultipleProductTest@2e377400]" started-at="2026-01-02T05:05:21 IST" name="logoutFromApp" finished-at="2026-01-02T05:05:24 IST" duration-ms="2777" status="PASS">
          <reporter-output>
          </reporter-output>
        </test-method> <!-- logoutFromApp -->
        <test-method is-config="true" signature="closeBrowser()[pri:0, instance:ImplementationOfTestNG._Commonloginpage_BaseClasss.CreateMultipleProductTest@2e377400]" started-at="2026-01-02T05:05:24 IST" name="closeBrowser" finished-at="2026-01-02T05:05:25 IST" duration-ms="1250" status="PASS">
          <reporter-output>
          </reporter-output>
        </test-method> <!-- closeBrowser -->
      </class> <!-- ImplementationOfTestNG._Commonloginpage_BaseClasss.CreateMultipleProductTest -->
      <class name="ImplementationOfTestNG._Commonloginpage_BaseClasss.CreateCampaignWithDateTest">
        <test-method is-config="true" signature="launchBrowser()[pri:0, instance:ImplementationOfTestNG._Commonloginpage_BaseClasss.CreateCampaignWithDateTest@26b3fd41]" started-at="2026-01-02T05:04:30 IST" name="launchBrowser" finished-at="2026-01-02T05:04:31 IST" duration-ms="1455" status="PASS">
          <reporter-output>
          </reporter-output>
        </test-method> <!-- launchBrowser -->
        <test-method is-config="true" signature="loginToApp()[pri:0, instance:ImplementationOfTestNG._Commonloginpage_BaseClasss.CreateCampaignWithDateTest@26b3fd41]" started-at="2026-01-02T05:04:31 IST" name="loginToApp" finished-at="2026-01-02T05:04:34 IST" duration-ms="2596" status="PASS">
          <reporter-output>
          </reporter-output>
        </test-method> <!-- loginToApp -->
        <test-method signature="createCampaignwithDateTest()[pri:0, instance:ImplementationOfTestNG._Commonloginpage_BaseClasss.CreateCampaignWithDateTest@26b3fd41]" started-at="2026-01-02T05:04:34 IST" name="createCampaignwithDateTest" description="Verify that a user can create a campaign with a specific status, target date, and size" finished-at="2026-01-02T05:04:36 IST" duration-ms="1978" status="PASS">
          <reporter-output>
            <line>
              <![CDATA[Successfully created Campaign: JoseJohnAAZZNJ]]>
            </line>
          </reporter-output>
        </test-method> <!-- createCampaignwithDateTest -->
        <test-method is-config="true" signature="logoutFromApp()[pri:0, instance:ImplementationOfTestNG._Commonloginpage_BaseClasss.CreateCampaignWithDateTest@26b3fd41]" started-at="2026-01-02T05:04:36 IST" name="logoutFromApp" finished-at="2026-01-02T05:04:38 IST" duration-ms="2684" status="PASS">
          <reporter-output>
          </reporter-output>
        </test-method> <!-- logoutFromApp -->
        <test-method is-config="true" signature="closeBrowser()[pri:0, instance:ImplementationOfTestNG._Commonloginpage_BaseClasss.CreateCampaignWithDateTest@26b3fd41]" started-at="2026-01-02T05:04:38 IST" name="closeBrowser" finished-at="2026-01-02T05:04:40 IST" duration-ms="1274" status="PASS">
          <reporter-output>
          </reporter-output>
        </test-method> <!-- closeBrowser -->
      </class> <!-- ImplementationOfTestNG._Commonloginpage_BaseClasss.CreateCampaignWithDateTest -->
      <class name="ImplementationOfTestNG._Commonloginpage_BaseClasss.DeleteProduct">
        <test-method is-config="true" signature="launchBrowser()[pri:0, instance:ImplementationOfTestNG._Commonloginpage_BaseClasss.DeleteProduct@49e5f737]" started-at="2026-01-02T05:05:29 IST" name="launchBrowser" finished-at="2026-01-02T05:05:30 IST" duration-ms="1622" status="PASS">
          <reporter-output>
          </reporter-output>
        </test-method> <!-- launchBrowser -->
        <test-method is-config="true" signature="loginToApp()[pri:0, instance:ImplementationOfTestNG._Commonloginpage_BaseClasss.DeleteProduct@49e5f737]" started-at="2026-01-02T05:05:30 IST" name="loginToApp" finished-at="2026-01-02T05:05:33 IST" duration-ms="2975" status="PASS">
          <reporter-output>
          </reporter-output>
        </test-method> <!-- loginToApp -->
        <test-method signature="deleteProductTest()[pri:0, instance:ImplementationOfTestNG._Commonloginpage_BaseClasss.DeleteProduct@49e5f737]" started-at="2026-01-02T05:05:33 IST" name="deleteProductTest" finished-at="2026-01-02T05:06:18 IST" duration-ms="44272" status="PASS">
          <reporter-output>
            <line>
              <![CDATA[Total :13Product's Deleted Successfully ]]>
            </line>
          </reporter-output>
        </test-method> <!-- deleteProductTest -->
        <test-method is-config="true" signature="logoutFromApp()[pri:0, instance:ImplementationOfTestNG._Commonloginpage_BaseClasss.DeleteProduct@49e5f737]" started-at="2026-01-02T05:06:18 IST" name="logoutFromApp" finished-at="2026-01-02T05:06:20 IST" duration-ms="2672" status="PASS">
          <reporter-output>
          </reporter-output>
        </test-method> <!-- logoutFromApp -->
        <test-method is-config="true" signature="closeBrowser()[pri:0, instance:ImplementationOfTestNG._Commonloginpage_BaseClasss.DeleteProduct@49e5f737]" started-at="2026-01-02T05:06:20 IST" name="closeBrowser" finished-at="2026-01-02T05:06:22 IST" duration-ms="1280" status="PASS">
          <reporter-output>
          </reporter-output>
        </test-method> <!-- closeBrowser -->
      </class> <!-- ImplementationOfTestNG._Commonloginpage_BaseClasss.DeleteProduct -->
      <class name="ImplementationOfTestNG._Commonloginpage_BaseClasss.CreateProductTest">
        <test-method is-config="true" signature="launchBrowser()[pri:0, instance:ImplementationOfTestNG._Commonloginpage_BaseClasss.CreateProductTest@1757cd72]" started-at="2026-01-02T05:05:17 IST" name="launchBrowser" finished-at="2026-01-02T05:05:19 IST" duration-ms="1632" status="PASS">
          <reporter-output>
          </reporter-output>
        </test-method> <!-- launchBrowser -->
        <test-method is-config="true" signature="loginToApp()[pri:0, instance:ImplementationOfTestNG._Commonloginpage_BaseClasss.CreateProductTest@1757cd72]" started-at="2026-01-02T05:05:19 IST" name="loginToApp" finished-at="2026-01-02T05:05:22 IST" duration-ms="3020" status="PASS">
          <reporter-output>
          </reporter-output>
        </test-method> <!-- loginToApp -->
        <test-method signature="createProductTest()[pri:0, instance:ImplementationOfTestNG._Commonloginpage_BaseClasss.CreateProductTest@1757cd72]" started-at="2026-01-02T05:05:22 IST" name="createProductTest" finished-at="2026-01-02T05:05:24 IST" duration-ms="2010" status="PASS">
          <reporter-output>
            <line>
              <![CDATA[Successfully created Product: Zukebar37]]>
            </line>
          </reporter-output>
        </test-method> <!-- createProductTest -->
        <test-method is-config="true" signature="logoutFromApp()[pri:0, instance:ImplementationOfTestNG._Commonloginpage_BaseClasss.CreateProductTest@1757cd72]" started-at="2026-01-02T05:05:24 IST" name="logoutFromApp" finished-at="2026-01-02T05:05:27 IST" duration-ms="3570" status="PASS">
          <reporter-output>
          </reporter-output>
        </test-method> <!-- logoutFromApp -->
        <test-method is-config="true" signature="closeBrowser()[pri:0, instance:ImplementationOfTestNG._Commonloginpage_BaseClasss.CreateProductTest@1757cd72]" started-at="2026-01-02T05:05:27 IST" name="closeBrowser" finished-at="2026-01-02T05:05:29 IST" duration-ms="1213" status="PASS">
          <reporter-output>
          </reporter-output>
        </test-method> <!-- closeBrowser -->
      </class> <!-- ImplementationOfTestNG._Commonloginpage_BaseClasss.CreateProductTest -->
      <class name="ImplementationOfTestNG._Commonloginpage_BaseClasss.CreateCampaignWithStatusTest">
        <test-method is-config="true" signature="launchBrowser()[pri:0, instance:ImplementationOfTestNG._Commonloginpage_BaseClasss.CreateCampaignWithStatusTest@7494f96a]" started-at="2026-01-02T05:04:40 IST" name="launchBrowser" finished-at="2026-01-02T05:04:41 IST" duration-ms="1727" status="PASS">
          <reporter-output>
          </reporter-output>
        </test-method> <!-- launchBrowser -->
        <test-method is-config="true" signature="loginToApp()[pri:0, instance:ImplementationOfTestNG._Commonloginpage_BaseClasss.CreateCampaignWithStatusTest@7494f96a]" started-at="2026-01-02T05:04:41 IST" name="loginToApp" finished-at="2026-01-02T05:04:44 IST" duration-ms="2445" status="PASS">
          <reporter-output>
          </reporter-output>
        </test-method> <!-- loginToApp -->
        <test-method signature="createCampaignWithStatusTest()[pri:0, instance:ImplementationOfTestNG._Commonloginpage_BaseClasss.CreateCampaignWithStatusTest@7494f96a]" started-at="2026-01-02T05:04:44 IST" name="createCampaignWithStatusTest" description="Verify that a user can create a campaign with a specific status and size" finished-at="2026-01-02T05:04:46 IST" duration-ms="1630" status="PASS">
          <reporter-output>
            <line>
              <![CDATA[Successfully created Campaign: JoseJohnUANJJE]]>
            </line>
          </reporter-output>
        </test-method> <!-- createCampaignWithStatusTest -->
        <test-method is-config="true" signature="logoutFromApp()[pri:0, instance:ImplementationOfTestNG._Commonloginpage_BaseClasss.CreateCampaignWithStatusTest@7494f96a]" started-at="2026-01-02T05:04:46 IST" name="logoutFromApp" finished-at="2026-01-02T05:04:48 IST" duration-ms="2736" status="PASS">
          <reporter-output>
          </reporter-output>
        </test-method> <!-- logoutFromApp -->
        <test-method is-config="true" signature="closeBrowser()[pri:0, instance:ImplementationOfTestNG._Commonloginpage_BaseClasss.CreateCampaignWithStatusTest@7494f96a]" started-at="2026-01-02T05:04:48 IST" name="closeBrowser" finished-at="2026-01-02T05:04:50 IST" duration-ms="1259" status="PASS">
          <reporter-output>
          </reporter-output>
        </test-method> <!-- closeBrowser -->
      </class> <!-- ImplementationOfTestNG._Commonloginpage_BaseClasss.CreateCampaignWithStatusTest -->
      <class name="ImplementationOfTestNG._Commonloginpage_BaseClasss.CreateCampaignProductTest">
        <test-method is-config="true" signature="configBeforeSuite()[pri:0, instance:ImplementationOfTestNG._Commonloginpage_BaseClasss.CreateCampaignProductTest@8c3b9d]" started-at="2026-01-02T05:04:17 IST" name="configBeforeSuite" finished-at="2026-01-02T05:04:17 IST" duration-ms="25" status="PASS">
          <reporter-output>
          </reporter-output>
        </test-method> <!-- configBeforeSuite -->
        <test-method is-config="true" signature="launchBrowser()[pri:0, instance:ImplementationOfTestNG._Commonloginpage_BaseClasss.CreateCampaignProductTest@8c3b9d]" started-at="2026-01-02T05:04:17 IST" name="launchBrowser" finished-at="2026-01-02T05:04:20 IST" duration-ms="2726" status="PASS">
          <reporter-output>
          </reporter-output>
        </test-method> <!-- launchBrowser -->
        <test-method is-config="true" signature="loginToApp()[pri:0, instance:ImplementationOfTestNG._Commonloginpage_BaseClasss.CreateCampaignProductTest@8c3b9d]" started-at="2026-01-02T05:04:20 IST" name="loginToApp" finished-at="2026-01-02T05:04:23 IST" duration-ms="3685" status="PASS">
          <reporter-output>
          </reporter-output>
        </test-method> <!-- loginToApp -->
        <test-method signature="createCampaignTest()[pri:0, instance:ImplementationOfTestNG._Commonloginpage_BaseClasss.CreateCampaignProductTest@8c3b9d]" started-at="2026-01-02T05:04:23 IST" name="createCampaignTest" finished-at="2026-01-02T05:04:26 IST" duration-ms="2435" status="PASS">
          <reporter-output>
            <line>
              <![CDATA[Successfully created Campaign: JoseJohnEAUUEJ]]>
            </line>
          </reporter-output>
        </test-method> <!-- createCampaignTest -->
        <test-method is-config="true" signature="logoutFromApp()[pri:0, instance:ImplementationOfTestNG._Commonloginpage_BaseClasss.CreateCampaignProductTest@8c3b9d]" started-at="2026-01-02T05:04:26 IST" name="logoutFromApp" finished-at="2026-01-02T05:04:29 IST" duration-ms="2670" status="PASS">
          <reporter-output>
          </reporter-output>
        </test-method> <!-- logoutFromApp -->
        <test-method is-config="true" signature="loginToApp()[pri:0, instance:ImplementationOfTestNG._Commonloginpage_BaseClasss.CreateCampaignProductTest@8c3b9d]" started-at="2026-01-02T05:04:29 IST" name="loginToApp" finished-at="2026-01-02T05:04:32 IST" duration-ms="3573" status="PASS">
          <reporter-output>
          </reporter-output>
        </test-method> <!-- loginToApp -->
        <test-method signature="createCampaignWithStatusTest()[pri:0, instance:ImplementationOfTestNG._Commonloginpage_BaseClasss.CreateCampaignProductTest@8c3b9d]" started-at="2026-01-02T05:04:32 IST" name="createCampaignWithStatusTest" finished-at="2026-01-02T05:04:34 IST" duration-ms="2320" status="PASS">
          <reporter-output>
            <line>
              <![CDATA[Successfully created Campaign: JoseJohnUJNAEU]]>
            </line>
          </reporter-output>
        </test-method> <!-- createCampaignWithStatusTest -->
        <test-method is-config="true" signature="logoutFromApp()[pri:0, instance:ImplementationOfTestNG._Commonloginpage_BaseClasss.CreateCampaignProductTest@8c3b9d]" started-at="2026-01-02T05:04:34 IST" name="logoutFromApp" finished-at="2026-01-02T05:04:37 IST" duration-ms="2718" status="PASS">
          <reporter-output>
          </reporter-output>
        </test-method> <!-- logoutFromApp -->
        <test-method is-config="true" signature="loginToApp()[pri:0, instance:ImplementationOfTestNG._Commonloginpage_BaseClasss.CreateCampaignProductTest@8c3b9d]" started-at="2026-01-02T05:04:37 IST" name="loginToApp" finished-at="2026-01-02T05:04:40 IST" duration-ms="3032" status="PASS">
          <reporter-output>
          </reporter-output>
        </test-method> <!-- loginToApp -->
        <test-method signature="createCampaignwithDateTest()[pri:0, instance:ImplementationOfTestNG._Commonloginpage_BaseClasss.CreateCampaignProductTest@8c3b9d]" started-at="2026-01-02T05:04:40 IST" name="createCampaignwithDateTest" finished-at="2026-01-02T05:04:42 IST" duration-ms="1894" status="PASS">
          <reporter-output>
            <line>
              <![CDATA[Successfully created Campaign: JoseJohnZNANJU]]>
            </line>
          </reporter-output>
        </test-method> <!-- createCampaignwithDateTest -->
        <test-method is-config="true" signature="logoutFromApp()[pri:0, instance:ImplementationOfTestNG._Commonloginpage_BaseClasss.CreateCampaignProductTest@8c3b9d]" started-at="2026-01-02T05:04:42 IST" name="logoutFromApp" finished-at="2026-01-02T05:04:45 IST" duration-ms="2707" status="PASS">
          <reporter-output>
          </reporter-output>
        </test-method> <!-- logoutFromApp -->
        <test-method is-config="true" signature="loginToApp()[pri:0, instance:ImplementationOfTestNG._Commonloginpage_BaseClasss.CreateCampaignProductTest@8c3b9d]" started-at="2026-01-02T05:04:45 IST" name="loginToApp" finished-at="2026-01-02T05:04:48 IST" duration-ms="2841" status="PASS">
          <reporter-output>
          </reporter-output>
        </test-method> <!-- loginToApp -->
        <test-method signature="createProductTest()[pri:0, instance:ImplementationOfTestNG._Commonloginpage_BaseClasss.CreateCampaignProductTest@8c3b9d]" started-at="2026-01-02T05:04:48 IST" name="createProductTest" finished-at="2026-01-02T05:04:50 IST" duration-ms="2255" status="PASS">
          <reporter-output>
            <line>
              <![CDATA[Successfully created Product: Zukebar23]]>
            </line>
          </reporter-output>
        </test-method> <!-- createProductTest -->
        <test-method is-config="true" signature="logoutFromApp()[pri:0, instance:ImplementationOfTestNG._Commonloginpage_BaseClasss.CreateCampaignProductTest@8c3b9d]" started-at="2026-01-02T05:04:50 IST" name="logoutFromApp" finished-at="2026-01-02T05:04:52 IST" duration-ms="2611" status="PASS">
          <reporter-output>
          </reporter-output>
        </test-method> <!-- logoutFromApp -->
        <test-method is-config="true" signature="closeBrowser()[pri:0, instance:ImplementationOfTestNG._Commonloginpage_BaseClasss.CreateCampaignProductTest@8c3b9d]" started-at="2026-01-02T05:04:52 IST" name="closeBrowser" finished-at="2026-01-02T05:04:54 IST" duration-ms="1315" status="PASS">
          <reporter-output>
          </reporter-output>
        </test-method> <!-- closeBrowser -->
        <test-method is-config="true" signature="configAfterSuite()[pri:0, instance:ImplementationOfTestNG._Commonloginpage_BaseClasss.CreateCampaignProductTest@8c3b9d]" started-at="2026-01-02T05:06:31 IST" name="configAfterSuite" finished-at="2026-01-02T05:06:31 IST" duration-ms="1" status="PASS">
          <reporter-output>
          </reporter-output>
        </test-method> <!-- configAfterSuite -->
      </class> <!-- ImplementationOfTestNG._Commonloginpage_BaseClasss.CreateCampaignProductTest -->
    </test> <!-- Regression Tests -->
  </suite> <!-- Ninza CRM Suite -->
</testng-results>
