<?xml version="1.0" encoding="UTF-8"?>
<!-- Generated by org.testng.reporters.JUnitReportReporter -->
<testsuite hostname="LAPTOP-0Q2D4GO4" failures="0" tests="3" name="testng.Demo1" time="0.015" errors="0" timestamp="2025-12-28T10:19:48 IST" skipped="1">
  <testcase classname="testng.Demo1" name="mul" time="0.013">
    <system-out>
      <![CDATA[mul]]>
    </system-out>
  </testcase> <!-- mul -->
  <testcase classname="testng.Demo1" name="add" time="0.002">
    <system-out>
      <![CDATA[add]]>
    </system-out>
  </testcase> <!-- add -->
  <testcase classname="testng.Demo1" name="sub">
    <skipped/>
  </testcase> <!-- sub -->
  <system-out>
    <![CDATA[mul
add]]>
  </system-out>
</testsuite> <!-- testng.Demo1 -->
