<?xml version="1.0" encoding="UTF-8"?>
<!-- Generated by org.testng.reporters.JUnitReportReporter -->
<testsuite hostname="LAPTOP-0Q2D4GO4" failures="0" tests="3" name="testng.Dataproviders" time="0.013" errors="0" timestamp="2025-12-28T12:34:55 IST" skipped="0">
  <testcase classname="testng.Dataproviders" name="login" time="0.010"/>
  <testcase classname="testng.Dataproviders" name="login" time="0.001"/>
  <testcase classname="testng.Dataproviders" name="login" time="0.002"/>
</testsuite> <!-- testng.Dataproviders -->
