<?xml version="1.0" encoding="UTF-8"?>
<!-- Generated by org.testng.reporters.JUnitReportReporter -->
<testsuite hostname="LAPTOP-0Q2D4GO4" failures="0" tests="4" name="testng.Testlogin" time="18.816" errors="0" timestamp="2025-12-28T15:37:03 IST" skipped="0">
  <testcase classname="testng.Testlogin" name="login" time="3.621">
    <system-out>
      <![CDATA[Login test executed successfully]]>
    </system-out>
  </testcase> <!-- login -->
  <testcase classname="testng.Testlogin" name="login" time="3.409">
    <system-out>
      <![CDATA[Login test executed successfully]]>
    </system-out>
  </testcase> <!-- login -->
  <testcase classname="testng.Testlogin" name="createcampaign" time="5.855"/>
  <testcase classname="testng.Testlogin" name="createcampaign" time="5.931"/>
  <system-out>
    <![CDATA[Login test executed successfully
Login test executed successfully]]>
  </system-out>
</testsuite> <!-- testng.Testlogin -->
