<?xml version="1.0" encoding="UTF-8"?>
<!-- Generated by org.testng.reporters.JUnitReportReporter -->
<testsuite hostname="LAPTOP-0Q2D4GO4" failures="0" tests="1" name="ImplementationOfTestNG.CreateCampaign" time="3.726" errors="0" timestamp="2025-12-29T22:58:48 IST" skipped="0">
  <testcase classname="ImplementationOfTestNG.CreateCampaign" name="createCampaignTest" time="3.726">
    <system-out>
      <![CDATA[User logged in successfully.
Successfully created Campaign: DhineshCBA
Campaign Details: [URL: http://49.249.28.218:8098/campaigns | Status: Active | Size: 400']]]>
    </system-out>
  </testcase> <!-- createCampaignTest -->
  <system-out>
    <![CDATA[Login Successfully
URL :http://49.249.28.218:8098/dashboard
===============================================
User logged in successfully.
Successfully created Campaign: DhineshCBA
Campaign Details: [URL: http://49.249.28.218:8098/campaigns | Status: Active | Size: 400']
User logged in successfully.
Successfully created Campaign: DhineshCCC
Campaign Details: [URL: http://49.249.28.218:8098/campaigns | Status: Active | Size: 400']
User logged in successfully.
Successfully created Campaign: DhineshBAB
Campaign Details: [URL: http://49.249.28.218:8098/campaigns | Status: Active | Size: 400']
Logout Successfully
URL :http://49.249.28.218:8098/
===============================================]]>
  </system-out>
</testsuite> <!-- ImplementationOfTestNG.CreateCampaign -->
