<?xml version="1.0" encoding="UTF-8"?>
<!-- Generated by org.testng.reporters.JUnitReportReporter -->
<testsuite hostname="LAPTOP-0Q2D4GO4" failures="0" tests="1" name="ImplementationOfTestNG.CreateProductTest" time="3.110" errors="0" timestamp="2025-12-30T23:02:22 IST" skipped="0">
  <testcase classname="ImplementationOfTestNG.CreateProductTest" name="createProductTest" time="3.110">
    <system-out>
      <![CDATA[User logged in successfully.
Successfully created Product: Zukebar736
Product Details: [URL: http://49.249.28.218:8098/products | Product Name: Zukebar736]]]>
    </system-out>
  </testcase> <!-- createProductTest -->
  <system-out>
    <![CDATA[Login Successfully
URL :http://49.249.28.218:8098/dashboard
===============================================
User logged in successfully.
Successfully created Campaign: JennyCABAAA
Campaign Details: [URL: http://49.249.28.218:8098/campaigns | Size: 200']
User logged in successfully.
Successfully created Campaign: JennyBCCACA
Campaign Details: [URL: http://49.249.28.218:8098/campaigns | Status: Active | Size: 200']
User logged in successfully.
Successfully created Campaign: JennyCCBCAC
Campaign Details: [URL: http://49.249.28.218:8098/campaigns | Status: Active | Size: 200'  | Close Date: 30-01-2026]
User logged in successfully.
Successfully created Product: Zukebar736
Product Details: [URL: http://49.249.28.218:8098/products | Product Name: Zukebar736]
Logout Successfully
URL :http://49.249.28.218:8098/
===============================================]]>
  </system-out>
</testsuite> <!-- ImplementationOfTestNG.CreateProductTest -->
