<?xml version="1.0" encoding="UTF-8"?>
<!-- Generated by org.testng.reporters.JUnitReportReporter -->
<testsuite hostname="LAPTOP-0Q2D4GO4" failures="0" tests="3" name="testng.DataProvider" time="0.016" errors="0" timestamp="2025-12-28T12:31:53 IST" skipped="0">
  <testcase classname="testng.DataProvider" name="login" time="0.013"/>
  <testcase classname="testng.DataProvider" name="login" time="0.002"/>
  <testcase classname="testng.DataProvider" name="login" time="0.001"/>
</testsuite> <!-- testng.DataProvider -->
