<?xml version="1.0" encoding="UTF-8"?>
<!-- Generated by org.testng.reporters.JUnitReportReporter -->
<testsuite hostname="LAPTOP-0Q2D4GO4" failures="0" tests="4" name="ImplementationOfTestNG._Commonloginpage_BaseClasss.CreateCampaignProductTest" time="32.741" errors="0" timestamp="2026-01-02T05:06:31 IST" skipped="0">
  <testcase classname="ImplementationOfTestNG._Commonloginpage_BaseClasss.CreateCampaignProductTest" name="createProductTest" time="7.766">
    <system-out>
      <![CDATA[Successfully created Product: Zukebar23]]>
    </system-out>
  </testcase> <!-- createProductTest -->
  <testcase classname="ImplementationOfTestNG._Commonloginpage_BaseClasss.CreateCampaignProductTest" name="createCampaignWithStatusTest" time="8.070">
    <system-out>
      <![CDATA[Successfully created Campaign: JoseJohnUJNAEU]]>
    </system-out>
  </testcase> <!-- createCampaignWithStatusTest -->
  <testcase classname="ImplementationOfTestNG._Commonloginpage_BaseClasss.CreateCampaignProductTest" name="createCampaignwithDateTest" time="8.078">
    <system-out>
      <![CDATA[Successfully created Campaign: JoseJohnZNANJU]]>
    </system-out>
  </testcase> <!-- createCampaignwithDateTest -->
  <testcase classname="ImplementationOfTestNG._Commonloginpage_BaseClasss.CreateCampaignProductTest" name="createCampaignTest" time="8.827">
    <system-out>
      <![CDATA[Successfully created Campaign: JoseJohnEAUUEJ]]>
    </system-out>
  </testcase> <!-- createCampaignTest -->
  <system-out>
    <![CDATA[Successfully created Campaign: JoseJohnEEEUUN
Successfully created Campaign: JoseJohnEAUUEJ
Successfully created Campaign: JoseJohnUJNAEU
Successfully created Campaign: JoseJohnAAZZNJ
Successfully created Campaign: JoseJohnZNANJU
Successfully created Campaign: JoseJohnUANJJE
Successfully created Product: Zukebar23
Total data rows found: 13
Successfully created Campaign: JoseJohnNZUUUU
===============================================
Successfully created Campaign: JoseJohnANENAA
===============================================
Total data rows found: 11
Successfully created Campaign: JoseJohnEUENEA
===============================================
Successfully created Campaign: JoseJohnUJZAUZ
===============================================
Successfully created Product: Zukebar452
Successfully created Campaign: JoseJohnNAJUJE
===============================================
Successfully created Product: Zukebar334
Successfully created Campaign: JoseJohnZAJNNJ
===============================================
Successfully created Campaign: JoseJohnUUZJJA
===============================================
Successfully created Product: Zukebar248
Successfully created Campaign: JoseJohnUENZZJ
===============================================
Successfully created Product: Zukebar132
Successfully created Campaign: JoseJohnZEEANE
===============================================
Successfully created Campaign: JoseJohnAZNEUU
===============================================
Successfully created Product: Zukebar495
Successfully created Campaign: JoseJohnZEJZUJ
===============================================
Successfully created Campaign: JoseJohnZNEZZN
===============================================
Successfully created Product: Zukebar622
Successfully created Campaign: JoseJohnZNUJUZ
===============================================
Successfully created Product: Zukebar924
Successfully created Product: Zukebar381
Successfully created Product: Zukebar721
Successfully created Product: Zukebar809
Successfully created Product: Zukebar446
Successfully created Product: Zukebar37
Total :13Product's Deleted Successfully 
Total :19 Campaign's Deleted Successfully 
Login Successfully
URL :http://49.249.28.218:8098/dashboard]]>
  </system-out>
</testsuite> <!-- ImplementationOfTestNG._Commonloginpage_BaseClasss.CreateCampaignProductTest -->
