<?xml version="1.0" encoding="UTF-8"?>
<!-- Generated by org.testng.reporters.JUnitReportReporter -->
<testsuite hostname="LAPTOP-0Q2D4GO4" failures="0" tests="3" name="testng.Demo2" time="0.016" errors="0" timestamp="2025-12-28T10:27:05 IST" skipped="0">
  <testcase classname="testng.Demo2" name="deleteacc" time="0.001">
    <system-out>
      <![CDATA[deleted successfully]]>
    </system-out>
  </testcase> <!-- deleteacc -->
  <testcase classname="testng.Demo2" name="editacc" time="0.002">
    <system-out>
      <![CDATA[edited successfully]]>
    </system-out>
  </testcase> <!-- editacc -->
  <testcase classname="testng.Demo2" name="createacc" time="0.013">
    <system-out>
      <![CDATA[created successfully]]>
    </system-out>
  </testcase> <!-- createacc -->
  <system-out>
    <![CDATA[created successfully
edited successfully
deleted successfully]]>
  </system-out>
</testsuite> <!-- testng.Demo2 -->
