<?xml version="1.0" encoding="UTF-8"?>
<!-- Generated by org.testng.reporters.JUnitReportReporter -->
<testsuite hostname="LAPTOP-0Q2D4GO4" failures="0" tests="1" name="ImplementationOfTestNG.VerifyLogin" time="1.547" errors="0" timestamp="2025-12-29T21:45:09 IST" skipped="0">
  <testcase classname="ImplementationOfTestNG.VerifyLogin" name="loginVerify" time="1.547">
    <system-out>
      <![CDATA[Login Successfully
URL :http://49.249.28.218:8098/dashboard
===============================================]]>
    </system-out>
  </testcase> <!-- loginVerify -->
  <system-out>
    <![CDATA[Login Successfully
URL :http://49.249.28.218:8098/dashboard
===============================================
Login Successfully
URL :http://49.249.28.218:8098/dashboard
===============================================
Campaign Created Successfully <br> URL :http://49.249.28.218:8098/campaigns<br>Campaign_Name : DhineshBBC<br>Target Size : 400'
User logged in successfully.
Successfully created Campaign: DhineshBCA
Campaign Details: [URL: http://49.249.28.218:8098/campaigns | Status: Active | Size: 400']
Logout Successfully
URL :http://49.249.28.218:8098/
===============================================]]>
  </system-out>
</testsuite> <!-- ImplementationOfTestNG.VerifyLogin -->
