<?xml version="1.0" encoding="UTF-8"?>
<!-- Generated by org.testng.reporters.JUnitReportReporter -->
<testsuite hostname="LAPTOP-0Q2D4GO4" failures="0" tests="1" name="testng.Login" time="4.616" errors="0" timestamp="2025-12-28T23:53:51 IST" skipped="0">
  <testcase classname="testng.Login" name="loginTest" time="4.616">
    <system-out>
      <![CDATA[http://49.249.28.218:8098/dashboard]]>
    </system-out>
  </testcase> <!-- loginTest -->
  <system-out>
    <![CDATA[http://49.249.28.218:8098/dashboard]]>
  </system-out>
</testsuite> <!-- testng.Login -->
