<?xml version="1.0" encoding="UTF-8"?>
<!-- Generated by org.testng.reporters.JUnitReportReporter -->
<testsuite hostname="LAPTOP-0Q2D4GO4" failures="0" tests="5" name="testng.Invocationcount" time="17.496" errors="0" timestamp="2025-12-28T12:31:43 IST" skipped="0">
  <testcase classname="testng.Invocationcount" name="a" time="3.785"/>
  <testcase classname="testng.Invocationcount" name="a" time="3.107"/>
  <testcase classname="testng.Invocationcount" name="a" time="3.321"/>
  <testcase classname="testng.Invocationcount" name="a" time="3.497"/>
  <testcase classname="testng.Invocationcount" name="a" time="3.786"/>
</testsuite> <!-- testng.Invocationcount -->
