<?xml version="1.0" encoding="UTF-8"?>
<!-- Generated by org.testng.reporters.JUnitReportReporter -->
<testsuite hostname="LAPTOP-0Q2D4GO4" failures="0" tests="4" name="testng.Threadpool" time="14.742" errors="0" timestamp="2025-12-28T12:38:53 IST" skipped="0">
  <testcase classname="testng.Threadpool" name="a" time="4.073"/>
  <testcase classname="testng.Threadpool" name="a" time="3.281"/>
  <testcase classname="testng.Threadpool" name="a" time="3.339"/>
  <testcase classname="testng.Threadpool" name="a" time="4.049"/>
</testsuite> <!-- testng.Threadpool -->
